The system is: Darwin - 13.2.0 - i386
Compiling the C compiler identification source file "CMakeCCompilerId.c" succeeded.
Compiler: /usr/bin/cc 
Build flags: 
Id flags: 

The output was:
0


Compilation of the C compiler identification source "CMakeCCompilerId.c" produced "a.out"

The C compiler identification is Clang, found in "/Users/jimbolaptop/pNXT/src/gui/CMakeFiles/2.8.12.2/CompilerIdC/a.out"

Compiling the CXX compiler identification source file "CMakeCXXCompilerId.cpp" succeeded.
Compiler: /usr/bin/c++ 
Build flags: 
Id flags: 

The output was:
0


Compilation of the CXX compiler identification source "CMakeCXXCompilerId.cpp" produced "a.out"

The CXX compiler identification is Clang, found in "/Users/jimbolaptop/pNXT/src/gui/CMakeFiles/2.8.12.2/CompilerIdCXX/a.out"

Determining if the C compiler works passed with the following output:
Change Dir: /Users/jimbolaptop/pNXT/src/gui/CMakeFiles/CMakeTmp

Run Build Command:/usr/bin/make "cmTryCompileExec3756536887/fast"
/Applications/Xcode.app/Contents/Developer/usr/bin/make -f CMakeFiles/cmTryCompileExec3756536887.dir/build.make CMakeFiles/cmTryCompileExec3756536887.dir/build
/opt/local/bin/cmake -E cmake_progress_report /Users/jimbolaptop/pNXT/src/gui/CMakeFiles/CMakeTmp/CMakeFiles 1
Building C object CMakeFiles/cmTryCompileExec3756536887.dir/testCCompiler.c.o
/usr/bin/cc    -o CMakeFiles/cmTryCompileExec3756536887.dir/testCCompiler.c.o   -c /Users/jimbolaptop/pNXT/src/gui/CMakeFiles/CMakeTmp/testCCompiler.c
Linking C executable cmTryCompileExec3756536887
/opt/local/bin/cmake -E cmake_link_script CMakeFiles/cmTryCompileExec3756536887.dir/link.txt --verbose=1
/usr/bin/cc    -Wl,-search_paths_first -Wl,-headerpad_max_install_names   CMakeFiles/cmTryCompileExec3756536887.dir/testCCompiler.c.o  -o cmTryCompileExec3756536887  


Detecting C compiler ABI info compiled with the following output:
Change Dir: /Users/jimbolaptop/pNXT/src/gui/CMakeFiles/CMakeTmp

Run Build Command:/usr/bin/make "cmTryCompileExec2836685527/fast"
/Applications/Xcode.app/Contents/Developer/usr/bin/make -f CMakeFiles/cmTryCompileExec2836685527.dir/build.make CMakeFiles/cmTryCompileExec2836685527.dir/build
/opt/local/bin/cmake -E cmake_progress_report /Users/jimbolaptop/pNXT/src/gui/CMakeFiles/CMakeTmp/CMakeFiles 1
Building C object CMakeFiles/cmTryCompileExec2836685527.dir/CMakeCCompilerABI.c.o
/usr/bin/cc    -o CMakeFiles/cmTryCompileExec2836685527.dir/CMakeCCompilerABI.c.o   -c /opt/local/share/cmake-2.8/Modules/CMakeCCompilerABI.c
Linking C executable cmTryCompileExec2836685527
/opt/local/bin/cmake -E cmake_link_script CMakeFiles/cmTryCompileExec2836685527.dir/link.txt --verbose=1
/usr/bin/cc    -Wl,-search_paths_first -Wl,-headerpad_max_install_names -v -Wl,-v CMakeFiles/cmTryCompileExec2836685527.dir/CMakeCCompilerABI.c.o  -o cmTryCompileExec2836685527   
Apple LLVM version 5.1 (clang-503.0.40) (based on LLVM 3.4svn)
Target: x86_64-apple-darwin13.2.0
Thread model: posix
 "/Applications/Xcode.app/Contents/Developer/Toolchains/XcodeDefault.xctoolchain/usr/bin/ld" -demangle -dynamic -arch x86_64 -macosx_version_min 10.9.0 -o cmTryCompileExec2836685527 -search_paths_first -headerpad_max_install_names -v CMakeFiles/cmTryCompileExec2836685527.dir/CMakeCCompilerABI.c.o -lSystem /Applications/Xcode.app/Contents/Developer/Toolchains/XcodeDefault.xctoolchain/usr/bin/../lib/clang/5.1/lib/darwin/libclang_rt.osx.a
@(#)PROGRAM:ld  PROJECT:ld64-236.4
configured to support archs: armv6 armv7 armv7s arm64 i386 x86_64 armv6m armv7m armv7em
Library search paths:
	/usr/lib
	/usr/local/lib
Framework search paths:
	/Library/Frameworks/
	/System/Library/Frameworks/


Parsed C implicit link information from above output:
  link line regex: [^( *|.*[/\])(ld|([^/\]+-)?ld|collect2)[^/\]*( |$)]
  ignore line: [Change Dir: /Users/jimbolaptop/pNXT/src/gui/CMakeFiles/CMakeTmp]
  ignore line: []
  ignore line: [Run Build Command:/usr/bin/make "cmTryCompileExec2836685527/fast"]
  ignore line: [/Applications/Xcode.app/Contents/Developer/usr/bin/make -f CMakeFiles/cmTryCompileExec2836685527.dir/build.make CMakeFiles/cmTryCompileExec2836685527.dir/build]
  ignore line: [/opt/local/bin/cmake -E cmake_progress_report /Users/jimbolaptop/pNXT/src/gui/CMakeFiles/CMakeTmp/CMakeFiles 1]
  ignore line: [Building C object CMakeFiles/cmTryCompileExec2836685527.dir/CMakeCCompilerABI.c.o]
  ignore line: [/usr/bin/cc    -o CMakeFiles/cmTryCompileExec2836685527.dir/CMakeCCompilerABI.c.o   -c /opt/local/share/cmake-2.8/Modules/CMakeCCompilerABI.c]
  ignore line: [Linking C executable cmTryCompileExec2836685527]
  ignore line: [/opt/local/bin/cmake -E cmake_link_script CMakeFiles/cmTryCompileExec2836685527.dir/link.txt --verbose=1]
  ignore line: [/usr/bin/cc    -Wl,-search_paths_first -Wl,-headerpad_max_install_names -v -Wl,-v CMakeFiles/cmTryCompileExec2836685527.dir/CMakeCCompilerABI.c.o  -o cmTryCompileExec2836685527   ]
  ignore line: [Apple LLVM version 5.1 (clang-503.0.40) (based on LLVM 3.4svn)]
  ignore line: [Target: x86_64-apple-darwin13.2.0]
  ignore line: [Thread model: posix]
  link line: [ "/Applications/Xcode.app/Contents/Developer/Toolchains/XcodeDefault.xctoolchain/usr/bin/ld" -demangle -dynamic -arch x86_64 -macosx_version_min 10.9.0 -o cmTryCompileExec2836685527 -search_paths_first -headerpad_max_install_names -v CMakeFiles/cmTryCompileExec2836685527.dir/CMakeCCompilerABI.c.o -lSystem /Applications/Xcode.app/Contents/Developer/Toolchains/XcodeDefault.xctoolchain/usr/bin/../lib/clang/5.1/lib/darwin/libclang_rt.osx.a]
    arg [/Applications/Xcode.app/Contents/Developer/Toolchains/XcodeDefault.xctoolchain/usr/bin/ld] ==> ignore
    arg [-demangle] ==> ignore
    arg [-dynamic] ==> ignore
    arg [-arch] ==> ignore
    arg [x86_64] ==> ignore
    arg [-macosx_version_min] ==> ignore
    arg [10.9.0] ==> ignore
    arg [-o] ==> ignore
    arg [cmTryCompileExec2836685527] ==> ignore
    arg [-search_paths_first] ==> ignore
    arg [-headerpad_max_install_names] ==> ignore
    arg [-v] ==> ignore
    arg [CMakeFiles/cmTryCompileExec2836685527.dir/CMakeCCompilerABI.c.o] ==> ignore
    arg [-lSystem] ==> lib [System]
    arg [/Applications/Xcode.app/Contents/Developer/Toolchains/XcodeDefault.xctoolchain/usr/bin/../lib/clang/5.1/lib/darwin/libclang_rt.osx.a] ==> lib [/Applications/Xcode.app/Contents/Developer/Toolchains/XcodeDefault.xctoolchain/usr/bin/../lib/clang/5.1/lib/darwin/libclang_rt.osx.a]
  Library search paths: [;/usr/lib;/usr/local/lib]
  Framework search paths: [;/Library/Frameworks/;/System/Library/Frameworks/]
  remove lib [System]
  collapse lib [/Applications/Xcode.app/Contents/Developer/Toolchains/XcodeDefault.xctoolchain/usr/bin/../lib/clang/5.1/lib/darwin/libclang_rt.osx.a] ==> [/Applications/Xcode.app/Contents/Developer/Toolchains/XcodeDefault.xctoolchain/usr/lib/clang/5.1/lib/darwin/libclang_rt.osx.a]
  collapse library dir [/usr/lib] ==> [/usr/lib]
  collapse library dir [/usr/local/lib] ==> [/usr/local/lib]
  collapse framework dir [/Library/Frameworks/] ==> [/Library/Frameworks]
  collapse framework dir [/System/Library/Frameworks/] ==> [/System/Library/Frameworks]
  implicit libs: [/Applications/Xcode.app/Contents/Developer/Toolchains/XcodeDefault.xctoolchain/usr/lib/clang/5.1/lib/darwin/libclang_rt.osx.a]
  implicit dirs: [/usr/lib;/usr/local/lib]
  implicit fwks: [/Library/Frameworks;/System/Library/Frameworks]


Determining if the CXX compiler works passed with the following output:
Change Dir: /Users/jimbolaptop/pNXT/src/gui/CMakeFiles/CMakeTmp

Run Build Command:/usr/bin/make "cmTryCompileExec1471902208/fast"
/Applications/Xcode.app/Contents/Developer/usr/bin/make -f CMakeFiles/cmTryCompileExec1471902208.dir/build.make CMakeFiles/cmTryCompileExec1471902208.dir/build
/opt/local/bin/cmake -E cmake_progress_report /Users/jimbolaptop/pNXT/src/gui/CMakeFiles/CMakeTmp/CMakeFiles 1
Building CXX object CMakeFiles/cmTryCompileExec1471902208.dir/testCXXCompiler.cxx.o
/usr/bin/c++     -o CMakeFiles/cmTryCompileExec1471902208.dir/testCXXCompiler.cxx.o -c /Users/jimbolaptop/pNXT/src/gui/CMakeFiles/CMakeTmp/testCXXCompiler.cxx
Linking CXX executable cmTryCompileExec1471902208
/opt/local/bin/cmake -E cmake_link_script CMakeFiles/cmTryCompileExec1471902208.dir/link.txt --verbose=1
/usr/bin/c++     -Wl,-search_paths_first -Wl,-headerpad_max_install_names   CMakeFiles/cmTryCompileExec1471902208.dir/testCXXCompiler.cxx.o  -o cmTryCompileExec1471902208  


Detecting CXX compiler ABI info compiled with the following output:
Change Dir: /Users/jimbolaptop/pNXT/src/gui/CMakeFiles/CMakeTmp

Run Build Command:/usr/bin/make "cmTryCompileExec1293807539/fast"
/Applications/Xcode.app/Contents/Developer/usr/bin/make -f CMakeFiles/cmTryCompileExec1293807539.dir/build.make CMakeFiles/cmTryCompileExec1293807539.dir/build
/opt/local/bin/cmake -E cmake_progress_report /Users/jimbolaptop/pNXT/src/gui/CMakeFiles/CMakeTmp/CMakeFiles 1
Building CXX object CMakeFiles/cmTryCompileExec1293807539.dir/CMakeCXXCompilerABI.cpp.o
/usr/bin/c++     -o CMakeFiles/cmTryCompileExec1293807539.dir/CMakeCXXCompilerABI.cpp.o -c /opt/local/share/cmake-2.8/Modules/CMakeCXXCompilerABI.cpp
Linking CXX executable cmTryCompileExec1293807539
/opt/local/bin/cmake -E cmake_link_script CMakeFiles/cmTryCompileExec1293807539.dir/link.txt --verbose=1
/usr/bin/c++     -Wl,-search_paths_first -Wl,-headerpad_max_install_names -v -Wl,-v CMakeFiles/cmTryCompileExec1293807539.dir/CMakeCXXCompilerABI.cpp.o  -o cmTryCompileExec1293807539   
Apple LLVM version 5.1 (clang-503.0.40) (based on LLVM 3.4svn)
Target: x86_64-apple-darwin13.2.0
Thread model: posix
 "/Applications/Xcode.app/Contents/Developer/Toolchains/XcodeDefault.xctoolchain/usr/bin/ld" -demangle -dynamic -arch x86_64 -macosx_version_min 10.9.0 -o cmTryCompileExec1293807539 -search_paths_first -headerpad_max_install_names -v CMakeFiles/cmTryCompileExec1293807539.dir/CMakeCXXCompilerABI.cpp.o -lc++ -lSystem /Applications/Xcode.app/Contents/Developer/Toolchains/XcodeDefault.xctoolchain/usr/bin/../lib/clang/5.1/lib/darwin/libclang_rt.osx.a
@(#)PROGRAM:ld  PROJECT:ld64-236.4
configured to support archs: armv6 armv7 armv7s arm64 i386 x86_64 armv6m armv7m armv7em
Library search paths:
	/usr/lib
	/usr/local/lib
Framework search paths:
	/Library/Frameworks/
	/System/Library/Frameworks/


Parsed CXX implicit link information from above output:
  link line regex: [^( *|.*[/\])(ld|([^/\]+-)?ld|collect2)[^/\]*( |$)]
  ignore line: [Change Dir: /Users/jimbolaptop/pNXT/src/gui/CMakeFiles/CMakeTmp]
  ignore line: []
  ignore line: [Run Build Command:/usr/bin/make "cmTryCompileExec1293807539/fast"]
  ignore line: [/Applications/Xcode.app/Contents/Developer/usr/bin/make -f CMakeFiles/cmTryCompileExec1293807539.dir/build.make CMakeFiles/cmTryCompileExec1293807539.dir/build]
  ignore line: [/opt/local/bin/cmake -E cmake_progress_report /Users/jimbolaptop/pNXT/src/gui/CMakeFiles/CMakeTmp/CMakeFiles 1]
  ignore line: [Building CXX object CMakeFiles/cmTryCompileExec1293807539.dir/CMakeCXXCompilerABI.cpp.o]
  ignore line: [/usr/bin/c++     -o CMakeFiles/cmTryCompileExec1293807539.dir/CMakeCXXCompilerABI.cpp.o -c /opt/local/share/cmake-2.8/Modules/CMakeCXXCompilerABI.cpp]
  ignore line: [Linking CXX executable cmTryCompileExec1293807539]
  ignore line: [/opt/local/bin/cmake -E cmake_link_script CMakeFiles/cmTryCompileExec1293807539.dir/link.txt --verbose=1]
  ignore line: [/usr/bin/c++     -Wl,-search_paths_first -Wl,-headerpad_max_install_names -v -Wl,-v CMakeFiles/cmTryCompileExec1293807539.dir/CMakeCXXCompilerABI.cpp.o  -o cmTryCompileExec1293807539   ]
  ignore line: [Apple LLVM version 5.1 (clang-503.0.40) (based on LLVM 3.4svn)]
  ignore line: [Target: x86_64-apple-darwin13.2.0]
  ignore line: [Thread model: posix]
  link line: [ "/Applications/Xcode.app/Contents/Developer/Toolchains/XcodeDefault.xctoolchain/usr/bin/ld" -demangle -dynamic -arch x86_64 -macosx_version_min 10.9.0 -o cmTryCompileExec1293807539 -search_paths_first -headerpad_max_install_names -v CMakeFiles/cmTryCompileExec1293807539.dir/CMakeCXXCompilerABI.cpp.o -lc++ -lSystem /Applications/Xcode.app/Contents/Developer/Toolchains/XcodeDefault.xctoolchain/usr/bin/../lib/clang/5.1/lib/darwin/libclang_rt.osx.a]
    arg [/Applications/Xcode.app/Contents/Developer/Toolchains/XcodeDefault.xctoolchain/usr/bin/ld] ==> ignore
    arg [-demangle] ==> ignore
    arg [-dynamic] ==> ignore
    arg [-arch] ==> ignore
    arg [x86_64] ==> ignore
    arg [-macosx_version_min] ==> ignore
    arg [10.9.0] ==> ignore
    arg [-o] ==> ignore
    arg [cmTryCompileExec1293807539] ==> ignore
    arg [-search_paths_first] ==> ignore
    arg [-headerpad_max_install_names] ==> ignore
    arg [-v] ==> ignore
    arg [CMakeFiles/cmTryCompileExec1293807539.dir/CMakeCXXCompilerABI.cpp.o] ==> ignore
    arg [-lc++] ==> lib [c++]
    arg [-lSystem] ==> lib [System]
    arg [/Applications/Xcode.app/Contents/Developer/Toolchains/XcodeDefault.xctoolchain/usr/bin/../lib/clang/5.1/lib/darwin/libclang_rt.osx.a] ==> lib [/Applications/Xcode.app/Contents/Developer/Toolchains/XcodeDefault.xctoolchain/usr/bin/../lib/clang/5.1/lib/darwin/libclang_rt.osx.a]
  Library search paths: [;/usr/lib;/usr/local/lib]
  Framework search paths: [;/Library/Frameworks/;/System/Library/Frameworks/]
  remove lib [System]
  collapse lib [/Applications/Xcode.app/Contents/Developer/Toolchains/XcodeDefault.xctoolchain/usr/bin/../lib/clang/5.1/lib/darwin/libclang_rt.osx.a] ==> [/Applications/Xcode.app/Contents/Developer/Toolchains/XcodeDefault.xctoolchain/usr/lib/clang/5.1/lib/darwin/libclang_rt.osx.a]
  collapse library dir [/usr/lib] ==> [/usr/lib]
  collapse library dir [/usr/local/lib] ==> [/usr/local/lib]
  collapse framework dir [/Library/Frameworks/] ==> [/Library/Frameworks]
  collapse framework dir [/System/Library/Frameworks/] ==> [/System/Library/Frameworks]
  implicit libs: [c++;/Applications/Xcode.app/Contents/Developer/Toolchains/XcodeDefault.xctoolchain/usr/lib/clang/5.1/lib/darwin/libclang_rt.osx.a]
  implicit dirs: [/usr/lib;/usr/local/lib]
  implicit fwks: [/Library/Frameworks;/System/Library/Frameworks]


Determining if files pthread.h exist passed with the following output:
Change Dir: /Users/jimbolaptop/pNXT/src/gui/CMakeFiles/CMakeTmp

Run Build Command:/usr/bin/make "cmTryCompileExec3280827263/fast"
/Applications/Xcode.app/Contents/Developer/usr/bin/make -f CMakeFiles/cmTryCompileExec3280827263.dir/build.make CMakeFiles/cmTryCompileExec3280827263.dir/build
/opt/local/bin/cmake -E cmake_progress_report /Users/jimbolaptop/pNXT/src/gui/CMakeFiles/CMakeTmp/CMakeFiles 1
Building C object CMakeFiles/cmTryCompileExec3280827263.dir/CheckIncludeFiles.c.o
/usr/bin/cc   -std=c11 -D_GNU_SOURCE  -Dstatic_assert=_Static_assert -Wall -Wextra -Wpointer-arith -Wundef -Wvla -Wwrite-strings -Werror -Wno-error=extra -Wno-error=deprecated-declarations -Wno-error=sign-compare -Wno-error=strict-aliasing -Wno-error=type-limits -Wno-unused-parameter -Wno-error=unused-variable -Wno-error=mismatched-tags -Wno-error=null-conversion -Wno-overloaded-shift-op-parentheses -Wno-error=shift-count-overflow -Wno-error=tautological-constant-out-of-range-compare -Wno-error=unused-private-field -Wno-error=unneeded-internal-declaration -Waggregate-return -Wnested-externs -Wold-style-definition -Wstrict-prototypes -march=native    -o CMakeFiles/cmTryCompileExec3280827263.dir/CheckIncludeFiles.c.o   -c /Users/jimbolaptop/pNXT/src/gui/CMakeFiles/CMakeTmp/CheckIncludeFiles.c
Linking C executable cmTryCompileExec3280827263
/opt/local/bin/cmake -E cmake_link_script CMakeFiles/cmTryCompileExec3280827263.dir/link.txt --verbose=1
/usr/bin/cc   -std=c11 -D_GNU_SOURCE  -Dstatic_assert=_Static_assert -Wall -Wextra -Wpointer-arith -Wundef -Wvla -Wwrite-strings -Werror -Wno-error=extra -Wno-error=deprecated-declarations -Wno-error=sign-compare -Wno-error=strict-aliasing -Wno-error=type-limits -Wno-unused-parameter -Wno-error=unused-variable -Wno-error=mismatched-tags -Wno-error=null-conversion -Wno-overloaded-shift-op-parentheses -Wno-error=shift-count-overflow -Wno-error=tautological-constant-out-of-range-compare -Wno-error=unused-private-field -Wno-error=unneeded-internal-declaration -Waggregate-return -Wnested-externs -Wold-style-definition -Wstrict-prototypes -march=native  -Wl,-search_paths_first -Wl,-headerpad_max_install_names   CMakeFiles/cmTryCompileExec3280827263.dir/CheckIncludeFiles.c.o  -o cmTryCompileExec3280827263  


Determining if the pthread_create exist passed with the following output:
Change Dir: /Users/jimbolaptop/pNXT/src/gui/CMakeFiles/CMakeTmp

Run Build Command:/usr/bin/make "cmTryCompileExec2806832673/fast"
/Applications/Xcode.app/Contents/Developer/usr/bin/make -f CMakeFiles/cmTryCompileExec2806832673.dir/build.make CMakeFiles/cmTryCompileExec2806832673.dir/build
/opt/local/bin/cmake -E cmake_progress_report /Users/jimbolaptop/pNXT/src/gui/CMakeFiles/CMakeTmp/CMakeFiles 1
Building C object CMakeFiles/cmTryCompileExec2806832673.dir/CheckSymbolExists.c.o
/usr/bin/cc   -std=c11 -D_GNU_SOURCE  -Dstatic_assert=_Static_assert -Wall -Wextra -Wpointer-arith -Wundef -Wvla -Wwrite-strings -Werror -Wno-error=extra -Wno-error=deprecated-declarations -Wno-error=sign-compare -Wno-error=strict-aliasing -Wno-error=type-limits -Wno-unused-parameter -Wno-error=unused-variable -Wno-error=mismatched-tags -Wno-error=null-conversion -Wno-overloaded-shift-op-parentheses -Wno-error=shift-count-overflow -Wno-error=tautological-constant-out-of-range-compare -Wno-error=unused-private-field -Wno-error=unneeded-internal-declaration -Waggregate-return -Wnested-externs -Wold-style-definition -Wstrict-prototypes -march=native    -o CMakeFiles/cmTryCompileExec2806832673.dir/CheckSymbolExists.c.o   -c /Users/jimbolaptop/pNXT/src/gui/CMakeFiles/CMakeTmp/CheckSymbolExists.c
Linking C executable cmTryCompileExec2806832673
/opt/local/bin/cmake -E cmake_link_script CMakeFiles/cmTryCompileExec2806832673.dir/link.txt --verbose=1
/usr/bin/cc   -std=c11 -D_GNU_SOURCE  -Dstatic_assert=_Static_assert -Wall -Wextra -Wpointer-arith -Wundef -Wvla -Wwrite-strings -Werror -Wno-error=extra -Wno-error=deprecated-declarations -Wno-error=sign-compare -Wno-error=strict-aliasing -Wno-error=type-limits -Wno-unused-parameter -Wno-error=unused-variable -Wno-error=mismatched-tags -Wno-error=null-conversion -Wno-overloaded-shift-op-parentheses -Wno-error=shift-count-overflow -Wno-error=tautological-constant-out-of-range-compare -Wno-error=unused-private-field -Wno-error=unneeded-internal-declaration -Waggregate-return -Wnested-externs -Wold-style-definition -Wstrict-prototypes -march=native  -Wl,-search_paths_first -Wl,-headerpad_max_install_names   CMakeFiles/cmTryCompileExec2806832673.dir/CheckSymbolExists.c.o  -o cmTryCompileExec2806832673  

File /Users/jimbolaptop/pNXT/src/gui/CMakeFiles/CMakeTmp/CheckSymbolExists.c:
/* */
#include <pthread.h>

int main(int argc, char** argv)
{
  (void)argv;
#ifndef pthread_create
  return ((int*)(&pthread_create))[argc];
#else
  (void)argc;
  return 0;
#endif
}

